<?xml version="1.0" encoding="UTF-8"?>
<testsuite name="com.somercelik.codekata.logger.FileLoggerTest" tests="1" skipped="0" failures="0" errors="0" timestamp="2022-04-11T09:52:38" hostname="S84240320" time="0.034">
  <properties/>
  <testcase name="log()" classname="com.somercelik.codekata.logger.FileLoggerTest" time="0.034"/>
  <system-out><![CDATA[]]></system-out>
  <system-err><![CDATA[]]></system-err>
</testsuite>
